# JRE version: Java(TM) SE Runtime Environment (8.0_301-b09) (build 1.8.0_301-b09)
# Java VM: Java HotSpot(TM) 64-Bit Server VM (25.301-b09 mixed mode windows-amd64 compressed oops)
Heap:
 PSYoungGen      total 75776K, used 2468K [0x000000076b800000, 0x0000000770c80000, 0x00000007c0000000)
  eden space 65024K, 3% used [0x000000076b800000,0x000000076ba69078,0x000000076f780000)
  from space 10752K, 0% used [0x0000000770200000,0x0000000770200000,0x0000000770c80000)
  to   space 10752K, 0% used [0x000000076f780000,0x000000076f780000,0x0000000770200000)
 ParOldGen       total 108032K, used 7870K [0x00000006c2800000, 0x00000006c9180000, 0x000000076b800000)
  object space 108032K, 7% used [0x00000006c2800000,0x00000006c2fafaa0,0x00000006c9180000)
 Metaspace       used 16608K, capacity 17224K, committed 17536K, reserved 1067008K
  class space    used 1959K, capacity 2119K, committed 2176K, reserved 1048576K
GC Heap History (5 events):
Event: 1.051 GC heap before
{Heap before GC invocations=1 (full 0):
 PSYoungGen      total 75776K, used 65024K [0x000000076b800000, 0x0000000770c80000, 0x00000007c0000000)
  eden space 65024K, 100% used [0x000000076b800000,0x000000076f780000,0x000000076f780000)
  from space 10752K, 0% used [0x0000000770200000,0x0000000770200000,0x0000000770c80000)
  to   space 10752K, 0% used [0x000000076f780000,0x000000076f780000,0x0000000770200000)
 ParOldGen       total 173568K, used 0K [0x00000006c2800000, 0x00000006cd180000, 0x000000076b800000)
  object space 173568K, 0% used [0x00000006c2800000,0x00000006c2800000,0x00000006cd180000)
 Metaspace       used 10092K, capacity 10436K, committed 10496K, reserved 1058816K
  class space    used 1161K, capacity 1277K, committed 1280K, reserved 1048576K
Event: 1.060 GC heap after
Heap after GC invocations=1 (full 0):
 PSYoungGen      total 75776K, used 10274K [0x000000076b800000, 0x0000000770c80000, 0x00000007c0000000)
  eden space 65024K, 0% used [0x000000076b800000,0x000000076b800000,0x000000076f780000)
  from space 10752K, 95% used [0x000000076f780000,0x0000000770188a78,0x0000000770200000)
  to   space 10752K, 0% used [0x0000000770200000,0x0000000770200000,0x0000000770c80000)
 ParOldGen       total 173568K, used 16K [0x00000006c2800000, 0x00000006cd180000, 0x000000076b800000)
  object space 173568K, 0% used [0x00000006c2800000,0x00000006c2804000,0x00000006cd180000)
 Metaspace       used 10092K, capacity 10436K, committed 10496K, reserved 1058816K
  class space    used 1161K, capacity 1277K, committed 1280K, reserved 1048576K
}
Event: 1.752 GC heap before
{Heap before GC invocations=2 (full 0):
 PSYoungGen      total 75776K, used 59548K [0x000000076b800000, 0x0000000770c80000, 0x00000007c0000000)
  eden space 65024K, 75% used [0x000000076b800000,0x000000076e81e970,0x000000076f780000)
  from space 10752K, 95% used [0x000000076f780000,0x0000000770188a78,0x0000000770200000)
  to   space 10752K, 0% used [0x0000000770200000,0x0000000770200000,0x0000000770c80000)
 ParOldGen       total 173568K, used 16K [0x00000006c2800000, 0x00000006cd180000, 0x000000076b800000)
  object space 173568K, 0% used [0x00000006c2800000,0x00000006c2804000,0x00000006cd180000)
 Metaspace       used 16494K, capacity 17064K, committed 17280K, reserved 1069056K
  class space    used 1947K, capacity 2087K, committed 2176K, reserved 1048576K
Event: 1.759 GC heap after
Heap after GC invocations=2 (full 0):
 PSYoungGen      total 75776K, used 8203K [0x000000076b800000, 0x0000000770c80000, 0x00000007c0000000)
  eden space 65024K, 0% used [0x000000076b800000,0x000000076b800000,0x000000076f780000)
  from space 10752K, 76% used [0x0000000770200000,0x0000000770a02df0,0x0000000770c80000)
  to   space 10752K, 0% used [0x000000076f780000,0x000000076f780000,0x0000000770200000)
 ParOldGen       total 173568K, used 88K [0x00000006c2800000, 0x00000006cd180000, 0x000000076b800000)
  object space 173568K, 0% used [0x00000006c2800000,0x00000006c2816010,0x00000006cd180000)
 Metaspace       used 16494K, capacity 17064K, committed 17280K, reserved 1069056K
  class space    used 1947K, capacity 2087K, committed 2176K, reserved 1048576K
}
Event: 1.759 GC heap before
{Heap before GC invocations=3 (full 1):
 PSYoungGen      total 75776K, used 8203K [0x000000076b800000, 0x0000000770c80000, 0x00000007c0000000)
  eden space 65024K, 0% used [0x000000076b800000,0x000000076b800000,0x000000076f780000)
  from space 10752K, 76% used [0x0000000770200000,0x0000000770a02df0,0x0000000770c80000)
  to   space 10752K, 0% used [0x000000076f780000,0x000000076f780000,0x0000000770200000)
 ParOldGen       total 173568K, used 88K [0x00000006c2800000, 0x00000006cd180000, 0x000000076b800000)
  object space 173568K, 0% used [0x00000006c2800000,0x00000006c2816010,0x00000006cd180000)
 Metaspace       used 16494K, capacity 17064K, committed 17280K, reserved 1069056K
  class space    used 1947K, capacity 2087K, committed 2176K, reserved 1048576K

